C:\GAMES ARCHITECTURE & OPTIMISATION\1942\CPP-SFMLTEMPLATE\CPP-SFMLTEMPLATE\DEBUG\MAIN.OBJ
C:\GAMES ARCHITECTURE & OPTIMISATION\1942\CPP-SFMLTEMPLATE\CPP-SFMLTEMPLATE\DEBUG\VC110.PDB
C:\GAMES ARCHITECTURE & OPTIMISATION\1942\CPP-SFMLTEMPLATE\DEBUG\CPP-SFMLTEMPLATE.ILK
C:\GAMES ARCHITECTURE & OPTIMISATION\1942\CPP-SFMLTEMPLATE\DEBUG\CPP-SFMLTEMPLATE.EXE
C:\GAMES ARCHITECTURE & OPTIMISATION\1942\CPP-SFMLTEMPLATE\DEBUG\CPP-SFMLTEMPLATE.PDB
C:\Games Architecture & Optimisation\1942\CPP-SFMLTemplate\CPP-SFMLTemplate\Debug\main.obj
C:\Games Architecture & Optimisation\1942\CPP-SFMLTemplate\CPP-SFMLTemplate\Debug\cl.command.1.tlog
C:\Games Architecture & Optimisation\1942\CPP-SFMLTemplate\CPP-SFMLTemplate\Debug\CL.read.1.tlog
C:\Games Architecture & Optimisation\1942\CPP-SFMLTemplate\CPP-SFMLTemplate\Debug\CL.write.1.tlog
C:\Games Architecture & Optimisation\1942\CPP-SFMLTemplate\CPP-SFMLTemplate\Debug\link-cvtres.read.1.tlog
C:\Games Architecture & Optimisation\1942\CPP-SFMLTemplate\CPP-SFMLTemplate\Debug\link-cvtres.write.1.tlog
C:\Games Architecture & Optimisation\1942\CPP-SFMLTemplate\CPP-SFMLTemplate\Debug\link-rc.read.1.tlog
C:\Games Architecture & Optimisation\1942\CPP-SFMLTemplate\CPP-SFMLTemplate\Debug\link-rc.write.1.tlog
C:\Games Architecture & Optimisation\1942\CPP-SFMLTemplate\CPP-SFMLTemplate\Debug\link.11372-cvtres.read.1.tlog
C:\Games Architecture & Optimisation\1942\CPP-SFMLTemplate\CPP-SFMLTemplate\Debug\link.11372-cvtres.write.1.tlog
C:\Games Architecture & Optimisation\1942\CPP-SFMLTemplate\CPP-SFMLTemplate\Debug\link.11372-rc.read.1.tlog
C:\Games Architecture & Optimisation\1942\CPP-SFMLTemplate\CPP-SFMLTemplate\Debug\link.11372-rc.write.1.tlog
C:\Games Architecture & Optimisation\1942\CPP-SFMLTemplate\CPP-SFMLTemplate\Debug\link.11372.read.1.tlog
C:\Games Architecture & Optimisation\1942\CPP-SFMLTemplate\CPP-SFMLTemplate\Debug\link.11372.write.1.tlog
C:\Games Architecture & Optimisation\1942\CPP-SFMLTemplate\CPP-SFMLTemplate\Debug\link.12552-cvtres.read.1.tlog
C:\Games Architecture & Optimisation\1942\CPP-SFMLTemplate\CPP-SFMLTemplate\Debug\link.12552-cvtres.write.1.tlog
C:\Games Architecture & Optimisation\1942\CPP-SFMLTemplate\CPP-SFMLTemplate\Debug\link.12552-rc.read.1.tlog
C:\Games Architecture & Optimisation\1942\CPP-SFMLTemplate\CPP-SFMLTemplate\Debug\link.12552-rc.write.1.tlog
C:\Games Architecture & Optimisation\1942\CPP-SFMLTemplate\CPP-SFMLTemplate\Debug\link.12552.read.1.tlog
C:\Games Architecture & Optimisation\1942\CPP-SFMLTemplate\CPP-SFMLTemplate\Debug\link.12552.write.1.tlog
C:\Games Architecture & Optimisation\1942\CPP-SFMLTemplate\CPP-SFMLTemplate\Debug\link.14928-cvtres.read.1.tlog
C:\Games Architecture & Optimisation\1942\CPP-SFMLTemplate\CPP-SFMLTemplate\Debug\link.14928-cvtres.write.1.tlog
C:\Games Architecture & Optimisation\1942\CPP-SFMLTemplate\CPP-SFMLTemplate\Debug\link.14928-rc.read.1.tlog
C:\Games Architecture & Optimisation\1942\CPP-SFMLTemplate\CPP-SFMLTemplate\Debug\link.14928-rc.write.1.tlog
C:\Games Architecture & Optimisation\1942\CPP-SFMLTemplate\CPP-SFMLTemplate\Debug\link.14928.read.1.tlog
C:\Games Architecture & Optimisation\1942\CPP-SFMLTemplate\CPP-SFMLTemplate\Debug\link.14928.write.1.tlog
C:\Games Architecture & Optimisation\1942\CPP-SFMLTemplate\CPP-SFMLTemplate\Debug\link.16528-cvtres.read.1.tlog
C:\Games Architecture & Optimisation\1942\CPP-SFMLTemplate\CPP-SFMLTemplate\Debug\link.16528-cvtres.write.1.tlog
C:\Games Architecture & Optimisation\1942\CPP-SFMLTemplate\CPP-SFMLTemplate\Debug\link.16528-rc.read.1.tlog
C:\Games Architecture & Optimisation\1942\CPP-SFMLTemplate\CPP-SFMLTemplate\Debug\link.16528-rc.write.1.tlog
C:\Games Architecture & Optimisation\1942\CPP-SFMLTemplate\CPP-SFMLTemplate\Debug\link.16528.read.1.tlog
C:\Games Architecture & Optimisation\1942\CPP-SFMLTemplate\CPP-SFMLTemplate\Debug\link.16528.write.1.tlog
C:\Games Architecture & Optimisation\1942\CPP-SFMLTemplate\CPP-SFMLTemplate\Debug\link.2684-cvtres.read.1.tlog
C:\Games Architecture & Optimisation\1942\CPP-SFMLTemplate\CPP-SFMLTemplate\Debug\link.2684-cvtres.write.1.tlog
C:\Games Architecture & Optimisation\1942\CPP-SFMLTemplate\CPP-SFMLTemplate\Debug\link.2684-rc.read.1.tlog
C:\Games Architecture & Optimisation\1942\CPP-SFMLTemplate\CPP-SFMLTemplate\Debug\link.2684-rc.write.1.tlog
C:\Games Architecture & Optimisation\1942\CPP-SFMLTemplate\CPP-SFMLTemplate\Debug\link.2684.read.1.tlog
C:\Games Architecture & Optimisation\1942\CPP-SFMLTemplate\CPP-SFMLTemplate\Debug\link.2684.write.1.tlog
C:\Games Architecture & Optimisation\1942\CPP-SFMLTemplate\CPP-SFMLTemplate\Debug\link.3756-cvtres.read.1.tlog
C:\Games Architecture & Optimisation\1942\CPP-SFMLTemplate\CPP-SFMLTemplate\Debug\link.3756-cvtres.write.1.tlog
C:\Games Architecture & Optimisation\1942\CPP-SFMLTemplate\CPP-SFMLTemplate\Debug\link.3756-rc.read.1.tlog
C:\Games Architecture & Optimisation\1942\CPP-SFMLTemplate\CPP-SFMLTemplate\Debug\link.3756-rc.write.1.tlog
C:\Games Architecture & Optimisation\1942\CPP-SFMLTemplate\CPP-SFMLTemplate\Debug\link.3756.read.1.tlog
C:\Games Architecture & Optimisation\1942\CPP-SFMLTemplate\CPP-SFMLTemplate\Debug\link.3756.write.1.tlog
C:\Games Architecture & Optimisation\1942\CPP-SFMLTemplate\CPP-SFMLTemplate\Debug\link.872-cvtres.read.1.tlog
C:\Games Architecture & Optimisation\1942\CPP-SFMLTemplate\CPP-SFMLTemplate\Debug\link.872-cvtres.write.1.tlog
C:\Games Architecture & Optimisation\1942\CPP-SFMLTemplate\CPP-SFMLTemplate\Debug\link.872-rc.read.1.tlog
C:\Games Architecture & Optimisation\1942\CPP-SFMLTemplate\CPP-SFMLTemplate\Debug\link.872-rc.write.1.tlog
C:\Games Architecture & Optimisation\1942\CPP-SFMLTemplate\CPP-SFMLTemplate\Debug\link.872.read.1.tlog
C:\Games Architecture & Optimisation\1942\CPP-SFMLTemplate\CPP-SFMLTemplate\Debug\link.872.write.1.tlog
C:\Games Architecture & Optimisation\1942\CPP-SFMLTemplate\CPP-SFMLTemplate\Debug\link.8940-cvtres.read.1.tlog
C:\Games Architecture & Optimisation\1942\CPP-SFMLTemplate\CPP-SFMLTemplate\Debug\link.8940-cvtres.write.1.tlog
C:\Games Architecture & Optimisation\1942\CPP-SFMLTemplate\CPP-SFMLTemplate\Debug\link.8940-rc.read.1.tlog
C:\Games Architecture & Optimisation\1942\CPP-SFMLTemplate\CPP-SFMLTemplate\Debug\link.8940-rc.write.1.tlog
C:\Games Architecture & Optimisation\1942\CPP-SFMLTemplate\CPP-SFMLTemplate\Debug\link.8940.read.1.tlog
C:\Games Architecture & Optimisation\1942\CPP-SFMLTemplate\CPP-SFMLTemplate\Debug\link.8940.write.1.tlog
C:\Games Architecture & Optimisation\1942\CPP-SFMLTemplate\CPP-SFMLTemplate\Debug\link.command.1.tlog
C:\Games Architecture & Optimisation\1942\CPP-SFMLTemplate\CPP-SFMLTemplate\Debug\link.read.1.tlog
C:\Games Architecture & Optimisation\1942\CPP-SFMLTemplate\CPP-SFMLTemplate\Debug\link.write.1.tlog
C:\Games Architecture & Optimisation\1942\CPP-SFMLTemplate\CPP-SFMLTemplate\Debug\vc110.idb
C:\Games Architecture & Optimisation\1942\CPP-SFMLTemplate\CPP-SFMLTemplate\Debug\vc110.pdb
C:\Games Architecture & Optimisation\1942\CPP-SFMLTemplate\Debug\CPP-SFMLTemplate.pdb
C:\Games Architecture & Optimisation\1942\CPP-SFMLTemplate\Debug\CPP-SFMLTemplate.exe
C:\Games Architecture & Optimisation\1942\CPP-SFMLTemplate\Debug\CPP-SFMLTemplate.ilk
